<component name="ProjectRunConfigurationManager">
  <configuration default="false" name="JUnit: All Tests" type="JUnit" factoryName="JUnit">
    <module name="SomeWebCardGame_test" />
    <option name="PACKAGE_NAME" value="org.achacha" />
    <option name="MAIN_CLASS_NAME" value="" />
    <option name="METHOD_NAME" value="" />
    <option name="TEST_OBJECT" value="package" />
    <option name="PARAMETERS" value="" />
    <option name="WORKING_DIRECTORY" value="" />
    <method v="2">
      <option name="Make" enabled="true" />
    </method>
  </configuration>
</component>